<?xml version="1.0" encoding="UTF-8"?>
<!-- Generated by org.testng.reporters.JUnitReportReporter -->
<testsuite hostname="58-PC" name="springtest.CostTest" tests="1" failures="0" timestamp="2 Jun 2017 03:48:04 GMT" time="0.400" errors="0">
  <testcase name="testaddCost" time="0.400" classname="springtest.CostTest"/>
</testsuite> <!-- springtest.CostTest -->
