<?xml version="1.0" encoding="UTF-8"?>
<!-- Generated by org.testng.reporters.JUnitReportReporter -->
<testsuite hostname="58-PC" name="springtest.CostTest" tests="1" failures="0" timestamp="24 May 2017 09:56:30 GMT" time="0.392" errors="0">
  <testcase name="testGetPage" time="0.392" classname="springtest.CostTest"/>
</testsuite> <!-- springtest.CostTest -->
